{"/Users/disnet/dev/flint-electron/src/main/services/flintApiService.ts": {"path":"/Users/disnet/dev/flint-electron/src/main/services/flintApiService.ts","all":false,"statementMap":{"0":{"start":{"line":1,"column":0},"end":{"line":1,"column":50}},"7":{"start":{"line":8,"column":0},"end":{"line":8,"column":30}},"8":{"start":{"line":9,"column":0},"end":{"line":9,"column":42}},"9":{"start":{"line":10,"column":0},"end":{"line":10,"column":32}},"10":{"start":{"line":11,"column":0},"end":{"line":11,"column":33}},"12":{"start":{"line":13,"column":0},"end":{"line":13,"column":44}},"13":{"start":{"line":14,"column":0},"end":{"line":14,"column":19}},"14":{"start":{"line":15,"column":0},"end":{"line":15,"column":78}},"15":{"start":{"line":16,"column":0},"end":{"line":16,"column":69}},"16":{"start":{"line":17,"column":0},"end":{"line":17,"column":15}},"17":{"start":{"line":18,"column":0},"end":{"line":18,"column":6}},"18":{"start":{"line":19,"column":0},"end":{"line":19,"column":3}},"20":{"start":{"line":21,"column":0},"end":{"line":21,"column":37}},"21":{"start":{"line":22,"column":0},"end":{"line":22,"column":29}},"22":{"start":{"line":23,"column":0},"end":{"line":23,"column":13}},"23":{"start":{"line":24,"column":0},"end":{"line":24,"column":5}},"25":{"start":{"line":26,"column":0},"end":{"line":26,"column":9}},"26":{"start":{"line":27,"column":0},"end":{"line":27,"column":85}},"28":{"start":{"line":29,"column":0},"end":{"line":29,"column":47}},"29":{"start":{"line":30,"column":0},"end":{"line":30,"column":34}},"31":{"start":{"line":32,"column":0},"end":{"line":32,"column":32}},"32":{"start":{"line":33,"column":0},"end":{"line":33,"column":70}},"33":{"start":{"line":34,"column":0},"end":{"line":34,"column":21}},"34":{"start":{"line":35,"column":0},"end":{"line":35,"column":76}},"35":{"start":{"line":36,"column":0},"end":{"line":36,"column":18}},"36":{"start":{"line":37,"column":0},"end":{"line":37,"column":5}},"37":{"start":{"line":38,"column":0},"end":{"line":38,"column":3}},"39":{"start":{"line":40,"column":0},"end":{"line":40,"column":37}},"40":{"start":{"line":41,"column":0},"end":{"line":41,"column":43}},"41":{"start":{"line":42,"column":0},"end":{"line":42,"column":78}},"42":{"start":{"line":43,"column":0},"end":{"line":43,"column":5}},"43":{"start":{"line":44,"column":0},"end":{"line":44,"column":3}},"46":{"start":{"line":47,"column":0},"end":{"line":47,"column":76}},"47":{"start":{"line":48,"column":0},"end":{"line":48,"column":29}},"49":{"start":{"line":50,"column":0},"end":{"line":50,"column":9}},"50":{"start":{"line":51,"column":0},"end":{"line":51,"column":52}},"51":{"start":{"line":52,"column":0},"end":{"line":52,"column":64}},"52":{"start":{"line":53,"column":0},"end":{"line":53,"column":83}},"53":{"start":{"line":54,"column":0},"end":{"line":54,"column":18}},"54":{"start":{"line":55,"column":0},"end":{"line":55,"column":21}},"55":{"start":{"line":56,"column":0},"end":{"line":56,"column":66}},"56":{"start":{"line":57,"column":0},"end":{"line":57,"column":18}},"57":{"start":{"line":58,"column":0},"end":{"line":58,"column":5}},"58":{"start":{"line":59,"column":0},"end":{"line":59,"column":3}},"60":{"start":{"line":61,"column":0},"end":{"line":61,"column":45}},"61":{"start":{"line":62,"column":0},"end":{"line":62,"column":29}},"63":{"start":{"line":64,"column":0},"end":{"line":64,"column":9}},"64":{"start":{"line":65,"column":0},"end":{"line":65,"column":48}},"65":{"start":{"line":66,"column":0},"end":{"line":66,"column":54}},"66":{"start":{"line":67,"column":0},"end":{"line":67,"column":61}},"67":{"start":{"line":68,"column":0},"end":{"line":68,"column":20}},"68":{"start":{"line":69,"column":0},"end":{"line":69,"column":21}},"69":{"start":{"line":70,"column":0},"end":{"line":70,"column":56}},"70":{"start":{"line":71,"column":0},"end":{"line":71,"column":18}},"71":{"start":{"line":72,"column":0},"end":{"line":72,"column":5}},"72":{"start":{"line":73,"column":0},"end":{"line":73,"column":3}},"74":{"start":{"line":75,"column":0},"end":{"line":75,"column":25}},"75":{"start":{"line":76,"column":0},"end":{"line":76,"column":17}},"76":{"start":{"line":77,"column":0},"end":{"line":77,"column":23}},"77":{"start":{"line":78,"column":0},"end":{"line":78,"column":20}},"78":{"start":{"line":79,"column":0},"end":{"line":79,"column":20}},"79":{"start":{"line":80,"column":0},"end":{"line":80,"column":19}},"80":{"start":{"line":81,"column":0},"end":{"line":81,"column":29}},"82":{"start":{"line":83,"column":0},"end":{"line":83,"column":9}},"83":{"start":{"line":84,"column":0},"end":{"line":84,"column":68}},"84":{"start":{"line":85,"column":0},"end":{"line":85,"column":90}},"85":{"start":{"line":86,"column":0},"end":{"line":86,"column":66}},"86":{"start":{"line":87,"column":0},"end":{"line":87,"column":20}},"87":{"start":{"line":88,"column":0},"end":{"line":88,"column":21}},"88":{"start":{"line":89,"column":0},"end":{"line":89,"column":82}},"89":{"start":{"line":90,"column":0},"end":{"line":90,"column":18}},"90":{"start":{"line":91,"column":0},"end":{"line":91,"column":5}},"91":{"start":{"line":92,"column":0},"end":{"line":92,"column":3}},"93":{"start":{"line":94,"column":0},"end":{"line":94,"column":45}},"94":{"start":{"line":95,"column":0},"end":{"line":95,"column":29}},"96":{"start":{"line":97,"column":0},"end":{"line":97,"column":9}},"97":{"start":{"line":98,"column":0},"end":{"line":98,"column":58}},"98":{"start":{"line":99,"column":0},"end":{"line":99,"column":54}},"99":{"start":{"line":100,"column":0},"end":{"line":100,"column":56}},"100":{"start":{"line":101,"column":0},"end":{"line":101,"column":20}},"101":{"start":{"line":102,"column":0},"end":{"line":102,"column":21}},"102":{"start":{"line":103,"column":0},"end":{"line":103,"column":72}},"103":{"start":{"line":104,"column":0},"end":{"line":104,"column":18}},"104":{"start":{"line":105,"column":0},"end":{"line":105,"column":5}},"105":{"start":{"line":106,"column":0},"end":{"line":106,"column":3}},"107":{"start":{"line":108,"column":0},"end":{"line":108,"column":26}},"108":{"start":{"line":109,"column":0},"end":{"line":109,"column":23}},"109":{"start":{"line":110,"column":0},"end":{"line":110,"column":20}},"110":{"start":{"line":111,"column":0},"end":{"line":111,"column":20}},"111":{"start":{"line":112,"column":0},"end":{"line":112,"column":19}},"112":{"start":{"line":113,"column":0},"end":{"line":113,"column":29}},"114":{"start":{"line":115,"column":0},"end":{"line":115,"column":9}},"115":{"start":{"line":116,"column":0},"end":{"line":116,"column":61}},"116":{"start":{"line":117,"column":0},"end":{"line":117,"column":85}},"117":{"start":{"line":118,"column":0},"end":{"line":118,"column":59}},"118":{"start":{"line":119,"column":0},"end":{"line":119,"column":20}},"119":{"start":{"line":120,"column":0},"end":{"line":120,"column":21}},"120":{"start":{"line":121,"column":0},"end":{"line":121,"column":75}},"121":{"start":{"line":122,"column":0},"end":{"line":122,"column":18}},"122":{"start":{"line":123,"column":0},"end":{"line":123,"column":5}},"123":{"start":{"line":124,"column":0},"end":{"line":124,"column":3}},"125":{"start":{"line":126,"column":0},"end":{"line":126,"column":45}},"126":{"start":{"line":127,"column":0},"end":{"line":127,"column":29}},"128":{"start":{"line":129,"column":0},"end":{"line":129,"column":9}},"129":{"start":{"line":130,"column":0},"end":{"line":130,"column":59}},"130":{"start":{"line":131,"column":0},"end":{"line":131,"column":54}},"131":{"start":{"line":132,"column":0},"end":{"line":132,"column":56}},"132":{"start":{"line":133,"column":0},"end":{"line":133,"column":20}},"133":{"start":{"line":134,"column":0},"end":{"line":134,"column":21}},"134":{"start":{"line":135,"column":0},"end":{"line":135,"column":72}},"135":{"start":{"line":136,"column":0},"end":{"line":136,"column":18}},"136":{"start":{"line":137,"column":0},"end":{"line":137,"column":5}},"137":{"start":{"line":138,"column":0},"end":{"line":138,"column":3}},"139":{"start":{"line":140,"column":0},"end":{"line":140,"column":46}},"140":{"start":{"line":141,"column":0},"end":{"line":141,"column":29}},"142":{"start":{"line":143,"column":0},"end":{"line":143,"column":9}},"143":{"start":{"line":144,"column":0},"end":{"line":144,"column":62}},"144":{"start":{"line":145,"column":0},"end":{"line":145,"column":53}},"145":{"start":{"line":146,"column":0},"end":{"line":146,"column":63}},"146":{"start":{"line":147,"column":0},"end":{"line":147,"column":18}},"147":{"start":{"line":148,"column":0},"end":{"line":148,"column":21}},"148":{"start":{"line":149,"column":0},"end":{"line":149,"column":76}},"149":{"start":{"line":150,"column":0},"end":{"line":150,"column":18}},"150":{"start":{"line":151,"column":0},"end":{"line":151,"column":5}},"151":{"start":{"line":152,"column":0},"end":{"line":152,"column":3}},"154":{"start":{"line":155,"column":0},"end":{"line":155,"column":20}},"155":{"start":{"line":156,"column":0},"end":{"line":156,"column":18}},"156":{"start":{"line":157,"column":0},"end":{"line":157,"column":14}},"162":{"start":{"line":163,"column":0},"end":{"line":163,"column":10}},"163":{"start":{"line":164,"column":0},"end":{"line":164,"column":5}},"164":{"start":{"line":165,"column":0},"end":{"line":165,"column":29}},"166":{"start":{"line":167,"column":0},"end":{"line":167,"column":9}},"167":{"start":{"line":168,"column":0},"end":{"line":168,"column":61}},"168":{"start":{"line":169,"column":0},"end":{"line":169,"column":50}},"169":{"start":{"line":170,"column":0},"end":{"line":170,"column":14}},"170":{"start":{"line":171,"column":0},"end":{"line":171,"column":41}},"171":{"start":{"line":172,"column":0},"end":{"line":172,"column":35}},"172":{"start":{"line":173,"column":0},"end":{"line":173,"column":46}},"173":{"start":{"line":174,"column":0},"end":{"line":174,"column":34}},"174":{"start":{"line":175,"column":0},"end":{"line":175,"column":30}},"175":{"start":{"line":176,"column":0},"end":{"line":176,"column":9}},"176":{"start":{"line":177,"column":0},"end":{"line":177,"column":84}},"177":{"start":{"line":178,"column":0},"end":{"line":178,"column":20}},"178":{"start":{"line":179,"column":0},"end":{"line":179,"column":21}},"179":{"start":{"line":180,"column":0},"end":{"line":180,"column":77}},"180":{"start":{"line":181,"column":0},"end":{"line":181,"column":18}},"181":{"start":{"line":182,"column":0},"end":{"line":182,"column":5}},"182":{"start":{"line":183,"column":0},"end":{"line":183,"column":3}},"184":{"start":{"line":185,"column":0},"end":{"line":185,"column":76}},"185":{"start":{"line":186,"column":0},"end":{"line":186,"column":29}},"187":{"start":{"line":188,"column":0},"end":{"line":188,"column":9}},"188":{"start":{"line":189,"column":0},"end":{"line":189,"column":48}},"189":{"start":{"line":190,"column":0},"end":{"line":190,"column":78}},"190":{"start":{"line":191,"column":0},"end":{"line":191,"column":89}},"191":{"start":{"line":192,"column":0},"end":{"line":192,"column":20}},"192":{"start":{"line":193,"column":0},"end":{"line":193,"column":21}},"193":{"start":{"line":194,"column":0},"end":{"line":194,"column":65}},"194":{"start":{"line":195,"column":0},"end":{"line":195,"column":18}},"195":{"start":{"line":196,"column":0},"end":{"line":196,"column":5}},"196":{"start":{"line":197,"column":0},"end":{"line":197,"column":3}},"198":{"start":{"line":199,"column":0},"end":{"line":199,"column":28}},"199":{"start":{"line":200,"column":0},"end":{"line":200,"column":14}},"220":{"start":{"line":221,"column":0},"end":{"line":221,"column":10}},"221":{"start":{"line":222,"column":0},"end":{"line":222,"column":5}},"222":{"start":{"line":223,"column":0},"end":{"line":223,"column":29}},"224":{"start":{"line":225,"column":0},"end":{"line":225,"column":9}},"225":{"start":{"line":226,"column":0},"end":{"line":226,"column":63}},"226":{"start":{"line":227,"column":0},"end":{"line":227,"column":58}},"227":{"start":{"line":228,"column":0},"end":{"line":228,"column":29}},"228":{"start":{"line":229,"column":0},"end":{"line":229,"column":27}},"229":{"start":{"line":230,"column":0},"end":{"line":230,"column":51}},"230":{"start":{"line":231,"column":0},"end":{"line":231,"column":47}},"231":{"start":{"line":232,"column":0},"end":{"line":232,"column":47}},"232":{"start":{"line":233,"column":0},"end":{"line":233,"column":47}},"233":{"start":{"line":234,"column":0},"end":{"line":234,"column":47}},"234":{"start":{"line":235,"column":0},"end":{"line":235,"column":51}},"235":{"start":{"line":236,"column":0},"end":{"line":236,"column":27}},"236":{"start":{"line":237,"column":0},"end":{"line":237,"column":35}},"237":{"start":{"line":238,"column":0},"end":{"line":238,"column":36}},"238":{"start":{"line":239,"column":0},"end":{"line":239,"column":34}},"239":{"start":{"line":240,"column":0},"end":{"line":240,"column":30}},"240":{"start":{"line":241,"column":0},"end":{"line":241,"column":9}},"241":{"start":{"line":242,"column":0},"end":{"line":242,"column":18}},"242":{"start":{"line":243,"column":0},"end":{"line":243,"column":81}},"243":{"start":{"line":244,"column":0},"end":{"line":244,"column":8}},"244":{"start":{"line":245,"column":0},"end":{"line":245,"column":20}},"245":{"start":{"line":246,"column":0},"end":{"line":246,"column":21}},"246":{"start":{"line":247,"column":0},"end":{"line":247,"column":58}},"247":{"start":{"line":248,"column":0},"end":{"line":248,"column":18}},"248":{"start":{"line":249,"column":0},"end":{"line":249,"column":5}},"249":{"start":{"line":250,"column":0},"end":{"line":250,"column":3}},"252":{"start":{"line":253,"column":0},"end":{"line":253,"column":27}},"253":{"start":{"line":254,"column":0},"end":{"line":254,"column":29}},"255":{"start":{"line":256,"column":0},"end":{"line":256,"column":9}},"256":{"start":{"line":257,"column":0},"end":{"line":257,"column":52}},"257":{"start":{"line":258,"column":0},"end":{"line":258,"column":54}},"258":{"start":{"line":259,"column":0},"end":{"line":259,"column":65}},"259":{"start":{"line":260,"column":0},"end":{"line":260,"column":19}},"260":{"start":{"line":261,"column":0},"end":{"line":261,"column":21}},"261":{"start":{"line":262,"column":0},"end":{"line":262,"column":61}},"262":{"start":{"line":263,"column":0},"end":{"line":263,"column":18}},"263":{"start":{"line":264,"column":0},"end":{"line":264,"column":5}},"264":{"start":{"line":265,"column":0},"end":{"line":265,"column":3}},"266":{"start":{"line":267,"column":0},"end":{"line":267,"column":22}},"267":{"start":{"line":268,"column":0},"end":{"line":268,"column":29}},"269":{"start":{"line":270,"column":0},"end":{"line":270,"column":9}},"270":{"start":{"line":271,"column":0},"end":{"line":271,"column":44}},"271":{"start":{"line":272,"column":0},"end":{"line":272,"column":50}},"272":{"start":{"line":273,"column":0},"end":{"line":273,"column":81}},"273":{"start":{"line":274,"column":0},"end":{"line":274,"column":20}},"274":{"start":{"line":275,"column":0},"end":{"line":275,"column":21}},"275":{"start":{"line":276,"column":0},"end":{"line":276,"column":54}},"276":{"start":{"line":277,"column":0},"end":{"line":277,"column":18}},"277":{"start":{"line":278,"column":0},"end":{"line":278,"column":5}},"278":{"start":{"line":279,"column":0},"end":{"line":279,"column":3}},"281":{"start":{"line":282,"column":0},"end":{"line":282,"column":41}},"282":{"start":{"line":283,"column":0},"end":{"line":283,"column":29}},"284":{"start":{"line":285,"column":0},"end":{"line":285,"column":9}},"285":{"start":{"line":286,"column":0},"end":{"line":286,"column":43}},"286":{"start":{"line":287,"column":0},"end":{"line":287,"column":73}},"287":{"start":{"line":288,"column":0},"end":{"line":288,"column":70}},"288":{"start":{"line":289,"column":0},"end":{"line":289,"column":19}},"289":{"start":{"line":290,"column":0},"end":{"line":290,"column":21}},"290":{"start":{"line":291,"column":0},"end":{"line":291,"column":58}},"291":{"start":{"line":292,"column":0},"end":{"line":292,"column":18}},"292":{"start":{"line":293,"column":0},"end":{"line":293,"column":5}},"293":{"start":{"line":294,"column":0},"end":{"line":294,"column":3}},"296":{"start":{"line":297,"column":0},"end":{"line":297,"column":22}},"297":{"start":{"line":298,"column":0},"end":{"line":298,"column":51}},"298":{"start":{"line":299,"column":0},"end":{"line":299,"column":3}},"300":{"start":{"line":301,"column":0},"end":{"line":301,"column":36}},"301":{"start":{"line":302,"column":0},"end":{"line":302,"column":60}},"302":{"start":{"line":303,"column":0},"end":{"line":303,"column":31}},"303":{"start":{"line":304,"column":0},"end":{"line":304,"column":20}},"304":{"start":{"line":305,"column":0},"end":{"line":305,"column":28}},"305":{"start":{"line":306,"column":0},"end":{"line":306,"column":3}},"307":{"start":{"line":308,"column":0},"end":{"line":308,"column":31}},"308":{"start":{"line":309,"column":0},"end":{"line":309,"column":30}},"309":{"start":{"line":310,"column":0},"end":{"line":310,"column":3}},"312":{"start":{"line":313,"column":0},"end":{"line":313,"column":73}},"313":{"start":{"line":314,"column":0},"end":{"line":314,"column":9}},"314":{"start":{"line":315,"column":0},"end":{"line":315,"column":35}},"315":{"start":{"line":316,"column":0},"end":{"line":316,"column":31}},"316":{"start":{"line":317,"column":0},"end":{"line":317,"column":21}},"317":{"start":{"line":318,"column":0},"end":{"line":318,"column":14}},"318":{"start":{"line":319,"column":0},"end":{"line":319,"column":23}},"319":{"start":{"line":320,"column":0},"end":{"line":320,"column":71}},"320":{"start":{"line":321,"column":0},"end":{"line":321,"column":8}},"321":{"start":{"line":322,"column":0},"end":{"line":322,"column":5}},"322":{"start":{"line":323,"column":0},"end":{"line":323,"column":3}},"323":{"start":{"line":324,"column":0},"end":{"line":324,"column":1}},"326":{"start":{"line":327,"column":0},"end":{"line":327,"column":53}}},"s":{"0":1,"7":1,"8":1,"9":46,"10":46,"12":1,"13":46,"14":46,"15":46,"16":46,"17":46,"18":46,"20":1,"21":40,"22":1,"23":1,"25":39,"26":39,"28":39,"29":39,"31":37,"32":37,"33":40,"34":2,"35":2,"36":2,"37":40,"39":1,"40":49,"41":14,"42":14,"43":49,"46":1,"47":8,"49":8,"50":8,"51":8,"52":8,"53":8,"54":8,"55":2,"56":2,"57":2,"58":8,"60":1,"61":3,"63":3,"64":3,"65":3,"66":1,"67":1,"68":1,"69":1,"70":1,"71":1,"72":3,"74":1,"75":5,"76":5,"77":5,"78":5,"79":5,"80":5,"82":5,"83":5,"84":5,"85":3,"86":3,"87":5,"88":1,"89":1,"90":1,"91":5,"93":1,"94":2,"96":2,"97":2,"98":2,"99":1,"100":1,"101":2,"102":0,"103":0,"104":0,"105":2,"107":1,"108":5,"109":5,"110":5,"111":5,"112":5,"114":5,"115":5,"116":5,"117":3,"118":3,"119":5,"120":1,"121":1,"122":1,"123":5,"125":1,"126":3,"128":3,"129":3,"130":3,"131":2,"132":2,"133":3,"134":0,"135":0,"136":0,"137":3,"139":1,"140":2,"142":2,"143":2,"144":2,"145":1,"146":1,"147":2,"148":0,"149":0,"150":0,"151":2,"154":1,"155":5,"156":5,"162":5,"163":5,"164":5,"166":5,"167":5,"168":5,"169":5,"170":5,"171":5,"172":5,"173":5,"174":5,"175":5,"176":5,"177":5,"178":5,"179":1,"180":1,"181":1,"182":5,"184":1,"185":3,"187":3,"188":3,"189":3,"190":3,"191":3,"192":3,"193":0,"194":0,"195":0,"196":3,"198":1,"199":3,"220":3,"221":3,"222":3,"224":3,"225":3,"226":3,"227":3,"228":3,"229":3,"230":3,"231":3,"232":3,"233":3,"234":3,"235":3,"236":3,"237":3,"238":3,"239":3,"240":3,"241":2,"242":3,"243":3,"244":3,"245":3,"246":0,"247":0,"248":0,"249":3,"252":1,"253":5,"255":5,"256":5,"257":5,"258":2,"259":2,"260":2,"261":2,"262":2,"263":2,"264":5,"266":1,"267":2,"269":2,"270":2,"271":2,"272":2,"273":2,"274":2,"275":0,"276":0,"277":0,"278":2,"281":1,"282":3,"284":3,"285":3,"286":3,"287":2,"288":2,"289":3,"290":0,"291":0,"292":0,"293":3,"296":1,"297":10,"298":10,"300":1,"301":2,"302":2,"303":2,"304":2,"305":2,"307":1,"308":3,"309":3,"312":1,"313":3,"314":3,"315":1,"316":3,"317":2,"318":2,"319":2,"320":2,"321":2,"322":3,"323":1,"326":1},"branchMap":{"0":{"type":"branch","line":9,"loc":{"start":{"line":9,"column":10},"end":{"line":11,"column":33}},"locations":[{"start":{"line":9,"column":10},"end":{"line":11,"column":33}}]},"1":{"type":"branch","line":13,"loc":{"start":{"line":13,"column":2},"end":{"line":19,"column":3}},"locations":[{"start":{"line":13,"column":2},"end":{"line":19,"column":3}}]},"2":{"type":"branch","line":15,"loc":{"start":{"line":15,"column":28},"end":{"line":15,"column":78}},"locations":[{"start":{"line":15,"column":28},"end":{"line":15,"column":78}}]},"3":{"type":"branch","line":21,"loc":{"start":{"line":21,"column":2},"end":{"line":38,"column":3}},"locations":[{"start":{"line":21,"column":2},"end":{"line":38,"column":3}}]},"4":{"type":"branch","line":22,"loc":{"start":{"line":22,"column":28},"end":{"line":24,"column":5}},"locations":[{"start":{"line":22,"column":28},"end":{"line":24,"column":5}}]},"5":{"type":"branch","line":24,"loc":{"start":{"line":24,"column":4},"end":{"line":30,"column":34}},"locations":[{"start":{"line":24,"column":4},"end":{"line":30,"column":34}}]},"6":{"type":"branch","line":30,"loc":{"start":{"line":30,"column":32},"end":{"line":34,"column":13}},"locations":[{"start":{"line":30,"column":32},"end":{"line":34,"column":13}}]},"7":{"type":"branch","line":34,"loc":{"start":{"line":34,"column":4},"end":{"line":37,"column":5}},"locations":[{"start":{"line":34,"column":4},"end":{"line":37,"column":5}}]},"8":{"type":"branch","line":40,"loc":{"start":{"line":40,"column":10},"end":{"line":44,"column":3}},"locations":[{"start":{"line":40,"column":10},"end":{"line":44,"column":3}}]},"9":{"type":"branch","line":41,"loc":{"start":{"line":41,"column":14},"end":{"line":41,"column":42}},"locations":[{"start":{"line":41,"column":14},"end":{"line":41,"column":42}}]},"10":{"type":"branch","line":41,"loc":{"start":{"line":41,"column":42},"end":{"line":43,"column":5}},"locations":[{"start":{"line":41,"column":42},"end":{"line":43,"column":5}}]},"11":{"type":"branch","line":47,"loc":{"start":{"line":47,"column":2},"end":{"line":59,"column":3}},"locations":[{"start":{"line":47,"column":2},"end":{"line":59,"column":3}}]},"12":{"type":"branch","line":52,"loc":{"start":{"line":52,"column":62},"end":{"line":53,"column":60}},"locations":[{"start":{"line":52,"column":62},"end":{"line":53,"column":60}}]},"13":{"type":"branch","line":53,"loc":{"start":{"line":53,"column":53},"end":{"line":53,"column":70}},"locations":[{"start":{"line":53,"column":53},"end":{"line":53,"column":70}}]},"14":{"type":"branch","line":53,"loc":{"start":{"line":53,"column":60},"end":{"line":53,"column":81}},"locations":[{"start":{"line":53,"column":60},"end":{"line":53,"column":81}}]},"15":{"type":"branch","line":55,"loc":{"start":{"line":55,"column":4},"end":{"line":58,"column":5}},"locations":[{"start":{"line":55,"column":4},"end":{"line":58,"column":5}}]},"16":{"type":"branch","line":61,"loc":{"start":{"line":61,"column":2},"end":{"line":73,"column":3}},"locations":[{"start":{"line":61,"column":2},"end":{"line":73,"column":3}}]},"17":{"type":"branch","line":66,"loc":{"start":{"line":66,"column":52},"end":{"line":72,"column":5}},"locations":[{"start":{"line":66,"column":52},"end":{"line":72,"column":5}}]},"18":{"type":"branch","line":75,"loc":{"start":{"line":75,"column":2},"end":{"line":92,"column":3}},"locations":[{"start":{"line":75,"column":2},"end":{"line":92,"column":3}}]},"19":{"type":"branch","line":85,"loc":{"start":{"line":85,"column":88},"end":{"line":88,"column":13}},"locations":[{"start":{"line":85,"column":88},"end":{"line":88,"column":13}}]},"20":{"type":"branch","line":88,"loc":{"start":{"line":88,"column":4},"end":{"line":91,"column":5}},"locations":[{"start":{"line":88,"column":4},"end":{"line":91,"column":5}}]},"21":{"type":"branch","line":94,"loc":{"start":{"line":94,"column":2},"end":{"line":106,"column":3}},"locations":[{"start":{"line":94,"column":2},"end":{"line":106,"column":3}}]},"22":{"type":"branch","line":99,"loc":{"start":{"line":99,"column":52},"end":{"line":102,"column":13}},"locations":[{"start":{"line":99,"column":52},"end":{"line":102,"column":13}}]},"23":{"type":"branch","line":102,"loc":{"start":{"line":102,"column":4},"end":{"line":105,"column":5}},"locations":[{"start":{"line":102,"column":4},"end":{"line":105,"column":5}}]},"24":{"type":"branch","line":108,"loc":{"start":{"line":108,"column":2},"end":{"line":124,"column":3}},"locations":[{"start":{"line":108,"column":2},"end":{"line":124,"column":3}}]},"25":{"type":"branch","line":117,"loc":{"start":{"line":117,"column":83},"end":{"line":120,"column":13}},"locations":[{"start":{"line":117,"column":83},"end":{"line":120,"column":13}}]},"26":{"type":"branch","line":120,"loc":{"start":{"line":120,"column":4},"end":{"line":123,"column":5}},"locations":[{"start":{"line":120,"column":4},"end":{"line":123,"column":5}}]},"27":{"type":"branch","line":126,"loc":{"start":{"line":126,"column":2},"end":{"line":138,"column":3}},"locations":[{"start":{"line":126,"column":2},"end":{"line":138,"column":3}}]},"28":{"type":"branch","line":131,"loc":{"start":{"line":131,"column":52},"end":{"line":134,"column":13}},"locations":[{"start":{"line":131,"column":52},"end":{"line":134,"column":13}}]},"29":{"type":"branch","line":134,"loc":{"start":{"line":134,"column":4},"end":{"line":137,"column":5}},"locations":[{"start":{"line":134,"column":4},"end":{"line":137,"column":5}}]},"30":{"type":"branch","line":140,"loc":{"start":{"line":140,"column":2},"end":{"line":152,"column":3}},"locations":[{"start":{"line":140,"column":2},"end":{"line":152,"column":3}}]},"31":{"type":"branch","line":145,"loc":{"start":{"line":145,"column":51},"end":{"line":148,"column":13}},"locations":[{"start":{"line":145,"column":51},"end":{"line":148,"column":13}}]},"32":{"type":"branch","line":148,"loc":{"start":{"line":148,"column":4},"end":{"line":151,"column":5}},"locations":[{"start":{"line":148,"column":4},"end":{"line":151,"column":5}}]},"33":{"type":"branch","line":155,"loc":{"start":{"line":155,"column":2},"end":{"line":183,"column":3}},"locations":[{"start":{"line":155,"column":2},"end":{"line":183,"column":3}}]},"34":{"type":"branch","line":172,"loc":{"start":{"line":172,"column":23},"end":{"line":172,"column":35}},"locations":[{"start":{"line":172,"column":23},"end":{"line":172,"column":35}}]},"35":{"type":"branch","line":173,"loc":{"start":{"line":173,"column":27},"end":{"line":173,"column":46}},"locations":[{"start":{"line":173,"column":27},"end":{"line":173,"column":46}}]},"36":{"type":"branch","line":176,"loc":{"start":{"line":176,"column":7},"end":{"line":177,"column":71}},"locations":[{"start":{"line":176,"column":7},"end":{"line":177,"column":71}}]},"37":{"type":"branch","line":177,"loc":{"start":{"line":177,"column":61},"end":{"line":177,"column":72}},"locations":[{"start":{"line":177,"column":61},"end":{"line":177,"column":72}}]},"38":{"type":"branch","line":179,"loc":{"start":{"line":179,"column":4},"end":{"line":182,"column":5}},"locations":[{"start":{"line":179,"column":4},"end":{"line":182,"column":5}}]},"39":{"type":"branch","line":185,"loc":{"start":{"line":185,"column":2},"end":{"line":197,"column":3}},"locations":[{"start":{"line":185,"column":2},"end":{"line":197,"column":3}}]},"40":{"type":"branch","line":190,"loc":{"start":{"line":190,"column":76},"end":{"line":191,"column":76}},"locations":[{"start":{"line":190,"column":76},"end":{"line":191,"column":76}}]},"41":{"type":"branch","line":191,"loc":{"start":{"line":191,"column":66},"end":{"line":191,"column":77}},"locations":[{"start":{"line":191,"column":66},"end":{"line":191,"column":77}}]},"42":{"type":"branch","line":193,"loc":{"start":{"line":193,"column":4},"end":{"line":196,"column":5}},"locations":[{"start":{"line":193,"column":4},"end":{"line":196,"column":5}}]},"43":{"type":"branch","line":199,"loc":{"start":{"line":199,"column":2},"end":{"line":250,"column":3}},"locations":[{"start":{"line":199,"column":2},"end":{"line":250,"column":3}}]},"44":{"type":"branch","line":237,"loc":{"start":{"line":237,"column":23},"end":{"line":237,"column":35}},"locations":[{"start":{"line":237,"column":23},"end":{"line":237,"column":35}}]},"45":{"type":"branch","line":238,"loc":{"start":{"line":238,"column":24},"end":{"line":238,"column":36}},"locations":[{"start":{"line":238,"column":24},"end":{"line":238,"column":36}}]},"46":{"type":"branch","line":241,"loc":{"start":{"line":241,"column":7},"end":{"line":243,"column":70}},"locations":[{"start":{"line":241,"column":7},"end":{"line":243,"column":70}}]},"47":{"type":"branch","line":243,"loc":{"start":{"line":243,"column":60},"end":{"line":243,"column":71}},"locations":[{"start":{"line":243,"column":60},"end":{"line":243,"column":71}}]},"48":{"type":"branch","line":246,"loc":{"start":{"line":246,"column":4},"end":{"line":249,"column":5}},"locations":[{"start":{"line":246,"column":4},"end":{"line":249,"column":5}}]},"49":{"type":"branch","line":253,"loc":{"start":{"line":253,"column":2},"end":{"line":265,"column":3}},"locations":[{"start":{"line":253,"column":2},"end":{"line":265,"column":3}}]},"50":{"type":"branch","line":258,"loc":{"start":{"line":258,"column":52},"end":{"line":264,"column":5}},"locations":[{"start":{"line":258,"column":52},"end":{"line":264,"column":5}}]},"51":{"type":"branch","line":267,"loc":{"start":{"line":267,"column":2},"end":{"line":279,"column":3}},"locations":[{"start":{"line":267,"column":2},"end":{"line":279,"column":3}}]},"52":{"type":"branch","line":272,"loc":{"start":{"line":272,"column":48},"end":{"line":273,"column":69}},"locations":[{"start":{"line":272,"column":48},"end":{"line":273,"column":69}}]},"53":{"type":"branch","line":273,"loc":{"start":{"line":273,"column":59},"end":{"line":273,"column":70}},"locations":[{"start":{"line":273,"column":59},"end":{"line":273,"column":70}}]},"54":{"type":"branch","line":275,"loc":{"start":{"line":275,"column":4},"end":{"line":278,"column":5}},"locations":[{"start":{"line":275,"column":4},"end":{"line":278,"column":5}}]},"55":{"type":"branch","line":282,"loc":{"start":{"line":282,"column":2},"end":{"line":294,"column":3}},"locations":[{"start":{"line":282,"column":2},"end":{"line":294,"column":3}}]},"56":{"type":"branch","line":287,"loc":{"start":{"line":287,"column":71},"end":{"line":290,"column":13}},"locations":[{"start":{"line":287,"column":71},"end":{"line":290,"column":13}}]},"57":{"type":"branch","line":290,"loc":{"start":{"line":290,"column":4},"end":{"line":293,"column":5}},"locations":[{"start":{"line":290,"column":4},"end":{"line":293,"column":5}}]},"58":{"type":"branch","line":297,"loc":{"start":{"line":297,"column":2},"end":{"line":299,"column":3}},"locations":[{"start":{"line":297,"column":2},"end":{"line":299,"column":3}}]},"59":{"type":"branch","line":298,"loc":{"start":{"line":298,"column":16},"end":{"line":298,"column":51}},"locations":[{"start":{"line":298,"column":16},"end":{"line":298,"column":51}}]},"60":{"type":"branch","line":301,"loc":{"start":{"line":301,"column":2},"end":{"line":306,"column":3}},"locations":[{"start":{"line":301,"column":2},"end":{"line":306,"column":3}}]},"61":{"type":"branch","line":305,"loc":{"start":{"line":305,"column":26},"end":{"line":305,"column":28}},"locations":[{"start":{"line":305,"column":26},"end":{"line":305,"column":28}}]},"62":{"type":"branch","line":308,"loc":{"start":{"line":308,"column":2},"end":{"line":310,"column":3}},"locations":[{"start":{"line":308,"column":2},"end":{"line":310,"column":3}}]},"63":{"type":"branch","line":313,"loc":{"start":{"line":313,"column":2},"end":{"line":323,"column":3}},"locations":[{"start":{"line":313,"column":2},"end":{"line":323,"column":3}}]},"64":{"type":"branch","line":315,"loc":{"start":{"line":315,"column":33},"end":{"line":317,"column":13}},"locations":[{"start":{"line":315,"column":33},"end":{"line":317,"column":13}}]},"65":{"type":"branch","line":317,"loc":{"start":{"line":317,"column":4},"end":{"line":322,"column":5}},"locations":[{"start":{"line":317,"column":4},"end":{"line":322,"column":5}}]},"66":{"type":"branch","line":320,"loc":{"start":{"line":320,"column":32},"end":{"line":320,"column":56}},"locations":[{"start":{"line":320,"column":32},"end":{"line":320,"column":56}}]},"67":{"type":"branch","line":320,"loc":{"start":{"line":320,"column":46},"end":{"line":320,"column":71}},"locations":[{"start":{"line":320,"column":46},"end":{"line":320,"column":71}}]}},"b":{"0":[46],"1":[46],"2":[3],"3":[40],"4":[1],"5":[39],"6":[37],"7":[2],"8":[49],"9":[35],"10":[14],"11":[8],"12":[4],"13":[3],"14":[1],"15":[2],"16":[3],"17":[1],"18":[5],"19":[3],"20":[1],"21":[2],"22":[1],"23":[0],"24":[5],"25":[3],"26":[1],"27":[3],"28":[2],"29":[0],"30":[2],"31":[1],"32":[0],"33":[5],"34":[3],"35":[3],"36":[3],"37":[1],"38":[1],"39":[3],"40":[2],"41":[1],"42":[0],"43":[3],"44":[1],"45":[1],"46":[2],"47":[1],"48":[0],"49":[5],"50":[2],"51":[2],"52":[1],"53":[0],"54":[0],"55":[3],"56":[2],"57":[0],"58":[10],"59":[6],"60":[2],"61":[1],"62":[3],"63":[3],"64":[1],"65":[2],"66":[1],"67":[1]},"fnMap":{"0":{"name":"<instance_members_initializer>","decl":{"start":{"line":9,"column":10},"end":{"line":11,"column":33}},"loc":{"start":{"line":9,"column":10},"end":{"line":11,"column":33}},"line":9},"1":{"name":"FlintApiService","decl":{"start":{"line":13,"column":2},"end":{"line":19,"column":3}},"loc":{"start":{"line":13,"column":2},"end":{"line":19,"column":3}},"line":13},"2":{"name":"initialize","decl":{"start":{"line":21,"column":2},"end":{"line":38,"column":3}},"loc":{"start":{"line":21,"column":2},"end":{"line":38,"column":3}},"line":21},"3":{"name":"ensureInitialized","decl":{"start":{"line":40,"column":10},"end":{"line":44,"column":3}},"loc":{"start":{"line":40,"column":10},"end":{"line":44,"column":3}},"line":40},"4":{"name":"getNote","decl":{"start":{"line":47,"column":2},"end":{"line":59,"column":3}},"loc":{"start":{"line":47,"column":2},"end":{"line":59,"column":3}},"line":47},"5":{"name":"createNote","decl":{"start":{"line":61,"column":2},"end":{"line":73,"column":3}},"loc":{"start":{"line":61,"column":2},"end":{"line":73,"column":3}},"line":61},"6":{"name":"createSimpleNote","decl":{"start":{"line":75,"column":2},"end":{"line":92,"column":3}},"loc":{"start":{"line":75,"column":2},"end":{"line":92,"column":3}},"line":75},"7":{"name":"updateNote","decl":{"start":{"line":94,"column":2},"end":{"line":106,"column":3}},"loc":{"start":{"line":94,"column":2},"end":{"line":106,"column":3}},"line":94},"8":{"name":"updateNoteContent","decl":{"start":{"line":108,"column":2},"end":{"line":124,"column":3}},"loc":{"start":{"line":108,"column":2},"end":{"line":124,"column":3}},"line":108},"9":{"name":"deleteNote","decl":{"start":{"line":126,"column":2},"end":{"line":138,"column":3}},"loc":{"start":{"line":126,"column":2},"end":{"line":138,"column":3}},"line":126},"10":{"name":"getNoteInfo","decl":{"start":{"line":140,"column":2},"end":{"line":152,"column":3}},"loc":{"start":{"line":140,"column":2},"end":{"line":152,"column":3}},"line":140},"11":{"name":"searchNotes","decl":{"start":{"line":155,"column":2},"end":{"line":183,"column":3}},"loc":{"start":{"line":155,"column":2},"end":{"line":183,"column":3}},"line":155},"12":{"name":"searchNotesByText","decl":{"start":{"line":185,"column":2},"end":{"line":197,"column":3}},"loc":{"start":{"line":185,"column":2},"end":{"line":197,"column":3}},"line":185},"13":{"name":"searchNotesAdvanced","decl":{"start":{"line":199,"column":2},"end":{"line":250,"column":3}},"loc":{"start":{"line":199,"column":2},"end":{"line":250,"column":3}},"line":199},"14":{"name":"getCurrentVault","decl":{"start":{"line":253,"column":2},"end":{"line":265,"column":3}},"loc":{"start":{"line":253,"column":2},"end":{"line":265,"column":3}},"line":253},"15":{"name":"listVaults","decl":{"start":{"line":267,"column":2},"end":{"line":279,"column":3}},"loc":{"start":{"line":267,"column":2},"end":{"line":279,"column":3}},"line":267},"16":{"name":"listNoteTypes","decl":{"start":{"line":282,"column":2},"end":{"line":294,"column":3}},"loc":{"start":{"line":282,"column":2},"end":{"line":294,"column":3}},"line":282},"17":{"name":"isReady","decl":{"start":{"line":297,"column":2},"end":{"line":299,"column":3}},"loc":{"start":{"line":297,"column":2},"end":{"line":299,"column":3}},"line":297},"18":{"name":"reconnect","decl":{"start":{"line":301,"column":2},"end":{"line":306,"column":3}},"loc":{"start":{"line":301,"column":2},"end":{"line":306,"column":3}},"line":301},"19":{"name":"getConfig","decl":{"start":{"line":308,"column":2},"end":{"line":310,"column":3}},"loc":{"start":{"line":308,"column":2},"end":{"line":310,"column":3}},"line":308},"20":{"name":"testConnection","decl":{"start":{"line":313,"column":2},"end":{"line":323,"column":3}},"loc":{"start":{"line":313,"column":2},"end":{"line":323,"column":3}},"line":313}},"f":{"0":46,"1":46,"2":40,"3":49,"4":8,"5":3,"6":5,"7":2,"8":5,"9":3,"10":2,"11":5,"12":3,"13":3,"14":5,"15":2,"16":3,"17":10,"18":2,"19":3,"20":3}}
}
